<?xml version="1.0" encoding="UTF-8"?>
<!-- Generated by org.testng.reporters.JUnitReportReporter -->
<testsuite skipped="0" hostname="DESKTOP-DGRG6U0" name="TestCases.ZooplaHomePageTest" tests="1" failures="0" timestamp="15 Feb 2022 18:33:16 GMT" time="19.802" errors="0">
  <testcase name="enterSearchCriteria" time="19.802" classname="TestCases.ZooplaHomePageTest"/>
</testsuite> <!-- TestCases.ZooplaHomePageTest -->
